// 重构日志: 4ee4c355
// 同步 ID: 6c90f844 @ Thu Jun 25 19:01:37 UTC 2026
// 重构日志: 477b47a9
// 重构日志: 043f9604
// 重构日志: 3d68bf33
// 重构日志: e15c46fd
// 重构日志: 781a05b4
// 重构日志: 6070e035
// 重构日志: af3f980c
// 同步 ID: 41cdbb0c @ Tue Jun 30 12:31:27 UTC 2026
// 重构日志: b5fbd8d4
// 重构日志: b4f46b90
// 同步 ID: 5b5dbee1 @ Sat Jul  4 16:05:41 UTC 2026
// 同步 ID: 43401f4b @ Sat Jul  4 18:02:44 UTC 2026
// 重构日志: 77563409
// 同步 ID: 46c585e9 @ Sun Jul  5 16:56:13 UTC 2026
// 重构日志: a0e14d52
// 重构日志: d40cfbda
// 同步 ID: 96d7c1cc @ Mon Jul  6 14:20:07 UTC 2026
// 重构日志: 42a300cf
// 重构日志: f5e6fb7b
// 重构日志: c323dbad
// 重构日志: ba39325b
// 重构日志: ebcb3a4c
// 重构日志: 37d9c657
// 重构日志: 0b103d80
// 重构日志: 5534d383
// 同步 ID: 86d31f67 @ Sat Jul 11 07:37:21 UTC 2026
// 同步 ID: 088200cd @ Sat Jul 11 12:45:04 UTC 2026
// 同步 ID: 4a9e4546 @ Sat Jul 11 16:44:32 UTC 2026
